<?xml version="1.0" encoding="UTF-8"?>
<!-- Generated by org.testng.reporters.JUnitXMLReporter -->
<testsuite ignored="0" hostname="DESKTOP-PIAIMF4" failures="0" tests="4" name="Default test" time="26.596" errors="0" timestamp="2025-04-24T01:20:30 IST">
  <testcase classname="com.OrangeHRM.Scenario2.AdminTest" name="testMenuOptionsCountAndClickAdmin" time="3.323"/>
  <testcase classname="com.OrangeHRM.Scenario2.AdminTest" name="testSearchByUsername" time="11.29"/>
  <testcase classname="com.OrangeHRM.Scenario2.AdminTest" name="testSearchByUserRole" time="1.471"/>
  <testcase classname="com.OrangeHRM.Scenario2.AdminTest" name="testSearchByStatus" time="0.854"/>
</testsuite> <!-- Default test -->
