<?xml version="1.0" encoding="UTF-8"?>
<!-- Generated by org.testng.reporters.JUnitXMLReporter -->
<testsuite ignored="18" hostname="DESKTOP-PIAIMF4" failures="7" tests="10" name="API Tests" time="18.735" errors="0" timestamp="2025-04-23T12:42:16 IST">
  <testcase classname="com.APItests.add_user" name="addUser" time="5.002">
    <failure type="java.lang.AssertionError" message="expected [201] but found [400]">
      <![CDATA[java.lang.AssertionError: expected [201] but found [400]
at com.APItests.add_user.addUser(add_user.java:27)
at java.base/java.util.ArrayList.forEach(ArrayList.java:1596)
... Removed 32 stack frames]]>
    </failure>
  </testcase> <!-- addUser -->
  <testcase classname="com.APItests.get_user_profile" name="get_req" time="1.528"/>
  <testcase classname="com.APItests.UpdateUser" name="patch_req" time="1.422"/>
  <testcase classname="com.APItests.LoginUser" name="login_post_req" time="1.421"/>
  <testcase classname="com.APItests.AddContact" name="AddContact_postreq" time="1.375">
    <failure type="java.lang.AssertionError" message="Status code is 201 expected [201] but found [401]">
      <![CDATA[java.lang.AssertionError: Status code is 201 expected [201] but found [401]
at com.APItests.AddContact.AddContact_postreq(AddContact.java:33)
at java.base/java.util.ArrayList.forEach(ArrayList.java:1596)
... Removed 31 stack frames]]>
    </failure>
  </testcase> <!-- AddContact_postreq -->
  <testcase classname="com.APItests.getContactList" name="ContactList_getreq" time="1.351">
    <failure type="java.lang.AssertionError" message="Status code is 200 expected [200] but found [401]">
      <![CDATA[java.lang.AssertionError: Status code is 200 expected [200] but found [401]
at com.APItests.getContactList.ContactList_getreq(getContactList.java:19)
at java.base/java.util.ArrayList.forEach(ArrayList.java:1596)
... Removed 31 stack frames]]>
    </failure>
  </testcase> <!-- ContactList_getreq -->
  <testcase classname="com.APItests.GetContact" name="getContact_getreq" time="1.336">
    <failure type="java.lang.AssertionError" message="Status code is 200 expected [200] but found [401]">
      <![CDATA[java.lang.AssertionError: Status code is 200 expected [200] but found [401]
at com.APItests.GetContact.getContact_getreq(GetContact.java:21)
at java.base/java.util.ArrayList.forEach(ArrayList.java:1596)
... Removed 31 stack frames]]>
    </failure>
  </testcase> <!-- getContact_getreq -->
  <testcase classname="com.APItests.UpdateContact" name="UpdateContact_putreq" time="1.756">
    <failure type="java.lang.AssertionError" message="Status code is 200 expected [200] but found [401]">
      <![CDATA[java.lang.AssertionError: Status code is 200 expected [200] but found [401]
at com.APItests.UpdateContact.UpdateContact_putreq(UpdateContact.java:35)
at java.base/java.util.ArrayList.forEach(ArrayList.java:1596)
... Removed 31 stack frames]]>
    </failure>
  </testcase> <!-- UpdateContact_putreq -->
  <testcase classname="com.APItests.UpdateContactPatch" name="UpdateContact_patchreq" time="2.021">
    <failure type="java.lang.AssertionError" message="Status code is 200 expected [200] but found [401]">
      <![CDATA[java.lang.AssertionError: Status code is 200 expected [200] but found [401]
at com.APItests.UpdateContactPatch.UpdateContact_patchreq(UpdateContactPatch.java:25)
at java.base/java.util.ArrayList.forEach(ArrayList.java:1596)
... Removed 31 stack frames]]>
    </failure>
  </testcase> <!-- UpdateContact_patchreq -->
  <testcase classname="com.APItests.LogoutUser" name="LogOutUser_postreq" time="1.358">
    <failure type="java.lang.AssertionError" message="Status code is 200 expected [200] but found [401]">
      <![CDATA[java.lang.AssertionError: Status code is 200 expected [200] but found [401]
at com.APItests.LogoutUser.LogOutUser_postreq(LogoutUser.java:23)
at java.base/java.util.ArrayList.forEach(ArrayList.java:1596)
... Removed 31 stack frames]]>
    </failure>
  </testcase> <!-- LogOutUser_postreq -->
  <testcase classname="com.APItests.BaseTest" name="@BeforeSuite setUp" time="0.0">
    <ignored/>
  </testcase> <!-- @BeforeSuite setUp -->
  <testcase classname="com.APItests.BaseTest" name="@BeforeSuite setUp" time="0.0">
    <ignored/>
  </testcase> <!-- @BeforeSuite setUp -->
  <testcase classname="com.APItests.BaseTest" name="@BeforeSuite setUp" time="0.0">
    <ignored/>
  </testcase> <!-- @BeforeSuite setUp -->
  <testcase classname="com.APItests.BaseTest" name="@AfterSuite tearDown" time="0.0">
    <ignored/>
  </testcase> <!-- @AfterSuite tearDown -->
  <testcase classname="com.APItests.BaseTest" name="@BeforeSuite setUp" time="0.0">
    <ignored/>
  </testcase> <!-- @BeforeSuite setUp -->
  <testcase classname="com.APItests.BaseTest" name="@BeforeSuite setUp" time="0.0">
    <ignored/>
  </testcase> <!-- @BeforeSuite setUp -->
  <testcase classname="com.APItests.BaseTest" name="@AfterSuite tearDown" time="0.0">
    <ignored/>
  </testcase> <!-- @AfterSuite tearDown -->
  <testcase classname="com.APItests.BaseTest" name="@BeforeSuite setUp" time="0.0">
    <ignored/>
  </testcase> <!-- @BeforeSuite setUp -->
  <testcase classname="com.APItests.BaseTest" name="@AfterSuite tearDown" time="0.0">
    <ignored/>
  </testcase> <!-- @AfterSuite tearDown -->
  <testcase classname="com.APItests.BaseTest" name="@AfterSuite tearDown" time="0.0">
    <ignored/>
  </testcase> <!-- @AfterSuite tearDown -->
  <testcase classname="com.APItests.BaseTest" name="@AfterSuite tearDown" time="0.0">
    <ignored/>
  </testcase> <!-- @AfterSuite tearDown -->
  <testcase classname="com.APItests.BaseTest" name="@AfterSuite tearDown" time="0.0">
    <ignored/>
  </testcase> <!-- @AfterSuite tearDown -->
  <testcase classname="com.APItests.BaseTest" name="@AfterSuite tearDown" time="0.0">
    <ignored/>
  </testcase> <!-- @AfterSuite tearDown -->
  <testcase classname="com.APItests.BaseTest" name="@BeforeSuite setUp" time="0.0">
    <ignored/>
  </testcase> <!-- @BeforeSuite setUp -->
  <testcase classname="com.APItests.BaseTest" name="@BeforeSuite setUp" time="0.0">
    <ignored/>
  </testcase> <!-- @BeforeSuite setUp -->
  <testcase classname="com.APItests.BaseTest" name="@AfterSuite tearDown" time="0.0">
    <ignored/>
  </testcase> <!-- @AfterSuite tearDown -->
  <testcase classname="com.APItests.BaseTest" name="@BeforeSuite setUp" time="0.0">
    <ignored/>
  </testcase> <!-- @BeforeSuite setUp -->
  <testcase classname="com.APItests.BaseTest" name="@AfterSuite tearDown" time="0.0">
    <ignored/>
  </testcase> <!-- @AfterSuite tearDown -->
</testsuite> <!-- API Tests -->
