<?xml version="1.0" encoding="UTF-8"?>
<testng-results ignored="0" total="1" passed="1" failed="0" skipped="0">
  <reporter-output>
  </reporter-output>
  <suite started-at="2025-04-23T12:57:17 IST" name="Default suite" finished-at="2025-04-23T12:57:22 IST" duration-ms="5221">
    <groups>
    </groups>
    <test started-at="2025-04-23T12:57:17 IST" name="Default test" finished-at="2025-04-23T12:57:22 IST" duration-ms="5221">
      <class name="com.APItests.add_user">
        <test-method is-config="true" signature="setUp()[pri:0, instance:com.APItests.add_user@4135c3b]" started-at="2025-04-23T12:57:17 IST" name="setUp" finished-at="2025-04-23T12:57:17 IST" duration-ms="446" status="PASS">
          <reporter-output>
          </reporter-output>
        </test-method> <!-- setUp -->
        <test-method signature="addUser()[pri:0, instance:com.APItests.add_user@4135c3b]" started-at="2025-04-23T12:57:17 IST" name="addUser" finished-at="2025-04-23T12:57:22 IST" duration-ms="5153" status="PASS">
          <reporter-output>
          </reporter-output>
        </test-method> <!-- addUser -->
        <test-method is-config="true" signature="tearDown()[pri:0, instance:com.APItests.add_user@4135c3b]" started-at="2025-04-23T12:57:22 IST" name="tearDown" finished-at="2025-04-23T12:57:23 IST" duration-ms="523" status="PASS">
          <reporter-output>
          </reporter-output>
        </test-method> <!-- tearDown -->
      </class> <!-- com.APItests.add_user -->
    </test> <!-- Default test -->
  </suite> <!-- Default suite -->
</testng-results>
