<?xml version="1.0" encoding="UTF-8"?>
<testng-results ignored="0" total="4" passed="4" failed="0" skipped="0">
  <reporter-output>
  </reporter-output>
  <suite started-at="2025-04-24T01:20:03 IST" name="Default suite" finished-at="2025-04-24T01:20:30 IST" duration-ms="26596">
    <groups>
    </groups>
    <test started-at="2025-04-24T01:20:03 IST" name="Default test" finished-at="2025-04-24T01:20:30 IST" duration-ms="26596">
      <class name="com.OrangeHRM.Scenario2.AdminTest">
        <test-method is-config="true" signature="setup()[pri:0, instance:com.OrangeHRM.Scenario2.AdminTest@489115ef]" started-at="2025-04-24T01:20:03 IST" name="setup" finished-at="2025-04-24T01:20:13 IST" duration-ms="9205" status="PASS">
          <reporter-output>
          </reporter-output>
        </test-method> <!-- setup -->
        <test-method signature="testMenuOptionsCountAndClickAdmin()[pri:1, instance:com.OrangeHRM.Scenario2.AdminTest@489115ef]" started-at="2025-04-24T01:20:13 IST" name="testMenuOptionsCountAndClickAdmin" finished-at="2025-04-24T01:20:16 IST" duration-ms="3323" status="PASS">
          <reporter-output>
          </reporter-output>
        </test-method> <!-- testMenuOptionsCountAndClickAdmin -->
        <test-method signature="testSearchByUsername()[pri:2, instance:com.OrangeHRM.Scenario2.AdminTest@489115ef]" started-at="2025-04-24T01:20:16 IST" name="testSearchByUsername" finished-at="2025-04-24T01:20:27 IST" duration-ms="11290" status="PASS">
          <reporter-output>
          </reporter-output>
        </test-method> <!-- testSearchByUsername -->
        <test-method signature="testSearchByUserRole()[pri:3, instance:com.OrangeHRM.Scenario2.AdminTest@489115ef]" started-at="2025-04-24T01:20:27 IST" name="testSearchByUserRole" finished-at="2025-04-24T01:20:29 IST" duration-ms="1471" status="PASS">
          <reporter-output>
          </reporter-output>
        </test-method> <!-- testSearchByUserRole -->
        <test-method signature="testSearchByStatus()[pri:4, instance:com.OrangeHRM.Scenario2.AdminTest@489115ef]" started-at="2025-04-24T01:20:29 IST" name="testSearchByStatus" finished-at="2025-04-24T01:20:30 IST" duration-ms="854" status="PASS">
          <reporter-output>
          </reporter-output>
        </test-method> <!-- testSearchByStatus -->
        <test-method is-config="true" signature="tearDown()[pri:0, instance:com.OrangeHRM.Scenario2.AdminTest@489115ef]" started-at="2025-04-24T01:20:30 IST" name="tearDown" finished-at="2025-04-24T01:20:30 IST" duration-ms="356" status="PASS">
          <reporter-output>
          </reporter-output>
        </test-method> <!-- tearDown -->
      </class> <!-- com.OrangeHRM.Scenario2.AdminTest -->
    </test> <!-- Default test -->
  </suite> <!-- Default suite -->
</testng-results>
